#
# There is insufficient memory for the Java Runtime Environment to continue.
# Native memory allocation (malloc) failed to allocate 364976 bytes for Chunk::new
# Possible reasons:
#   The system is out of physical RAM or swap space
#   In 32 bit mode, the process size limit was hit
# Possible solutions:
#   Reduce memory load on the system
#   Increase physical memory or swap space
#   Check if swap backing store is full
#   Use 64 bit Java on a 64 bit OS
#   Decrease Java heap size (-Xmx/-Xms)
#   Decrease number of Java threads
#   Decrease Java thread stack sizes (-Xss)
#   Set larger code cache with -XX:ReservedCodeCacheSize=
# This output file may be truncated or incomplete.
#
#  Out of Memory Error (allocation.cpp:390), pid=11492, tid=0x0000000000000960
#
# JRE version: Java(TM) SE Runtime Environment (8.0_171-b11) (build 1.8.0_171-b11)
# Java VM: Java HotSpot(TM) 64-Bit Server VM (25.171-b11 mixed mode windows-amd64 compressed oops)
# Failed to write core dump. Minidumps are not enabled by default on client versions of Windows
#

---------------  T H R E A D  ---------------

Current thread (0x00000000179a7800):  JavaThread "C2 CompilerThread0" daemon [_thread_in_native, id=2400, stack(0x0000000019020000,0x0000000019120000)]

Stack: [0x0000000019020000,0x0000000019120000]
[error occurred during error reporting (printing stack bounds), id 0xc0000005]

Native frames: (J=compiled Java code, j=interpreted, Vv=VM code, C=native code)


Current CompileTask:
C2:   2010 1548       4       org.codehaus.plexus.util.xml.pull.MXParser::parseStartTag (1195 bytes)


---------------  P R O C E S S  ---------------

Java Threads: ( => current thread )
  0x0000000019358800 JavaThread "Service Thread" daemon [_thread_blocked, id=11904, stack(0x0000000019720000,0x0000000019820000)]
  0x00000000179ba800 JavaThread "C1 CompilerThread2" daemon [_thread_blocked, id=4648, stack(0x0000000019220000,0x0000000019320000)]
  0x00000000179ac000 JavaThread "C2 CompilerThread1" daemon [_thread_blocked, id=9880, stack(0x0000000019120000,0x0000000019220000)]
=>0x00000000179a7800 JavaThread "C2 CompilerThread0" daemon [_thread_in_native, id=2400, stack(0x0000000019020000,0x0000000019120000)]
  0x00000000179a6000 JavaThread "Attach Listener" daemon [_thread_blocked, id=4948, stack(0x0000000018f20000,0x0000000019020000)]
  0x00000000179a5000 JavaThread "Signal Dispatcher" daemon [_thread_blocked, id=1208, stack(0x0000000018e20000,0x0000000018f20000)]
  0x0000000017990000 JavaThread "Finalizer" daemon [_thread_blocked, id=10900, stack(0x0000000018c10000,0x0000000018d10000)]
  0x0000000002e62800 JavaThread "Reference Handler" daemon [_thread_blocked, id=7784, stack(0x0000000018b10000,0x0000000018c10000)]
  0x0000000002abe800 JavaThread "main" [_thread_in_vm, id=1380, stack(0x0000000002c70000,0x0000000002d70000)]

Other Threads:
  0x0000000017967000 VMThread [stack: 0x0000000018a10000,0x0000000018b10000] [id=5124]
  0x00000000179fe000 WatcherThread [stack: 0x0000000019820000,0x0000000019920000] [id=11244]

VM state:not at safepoint (normal execution)

VM Mutex/Monitor currently owned by a thread: None

Heap:
 PSYoungGen      total 38400K, used 16595K [0x00000000d5f00000, 0x00000000d8980000, 0x0000000100000000)
  eden space 33280K, 34% used [0x00000000d5f00000,0x00000000d6a37700,0x00000000d7f80000)
  from space 5120K, 99% used [0x00000000d8480000,0x00000000d897d6f0,0x00000000d8980000)
  to   space 5120K, 0% used [0x00000000d7f80000,0x00000000d7f80000,0x00000000d8480000)
 ParOldGen       total 87552K, used 2513K [0x0000000081c00000, 0x0000000087180000, 0x00000000d5f00000)
  object space 87552K, 2% used [0x0000000081c00000,0x0000000081e74480,0x0000000087180000)
 Metaspace       used 14132K, capacity 14358K, committed 14464K, reserved 1062912K
  class space    used 1773K, capacity 1875K, committed 1920K, reserved 1048576K

Card table byte_map: [0x0000000012230000,0x0000000012630000] byte_map_base: 0x0000000011e22000

Marking Bits: (ParMarkBitMap*) 0x000000005dc708c0
 Begin Bits: [0x0000000012ce0000, 0x0000000014c70000)
 End Bits:   [0x0000000014c70000, 0x0000000016c00000)

Polling page: 0x0000000000be0000

CodeCache: size=245760Kb used=5294Kb max_used=5304Kb free=240465Kb
 bounds [0x0000000002e70000, 0x00000000033b0000, 0x0000000011e70000]
 total_blobs=1915 nmethods=1574 adapters=253
 compilation: enabled

Compilation events (10 events):
Event: 1.975 Thread 0x00000000179ba800 nmethod 1573 0x000000000339d050 code [0x000000000339d1a0, 0x000000000339d2b0]
Event: 1.975 Thread 0x00000000179ac000 nmethod 1563 0x000000000339cd10 code [0x000000000339ce60, 0x000000000339cfb8]
Event: 1.975 Thread 0x00000000179ba800 1574       1       org.apache.maven.model.Plugin::getArtifactId (5 bytes)
Event: 1.975 Thread 0x00000000179ac000 1567       4       java.util.LinkedHashMap$LinkedHashIterator::hasNext (13 bytes)
Event: 1.975 Thread 0x00000000179ba800 nmethod 1574 0x000000000339f310 code [0x000000000339f460, 0x000000000339f570]
Event: 1.975 Thread 0x00000000179ba800 1575       3       org.apache.maven.model.ConfigurationContainer::getLocation (25 bytes)
Event: 1.975 Thread 0x00000000179ba800 nmethod 1575 0x000000000339ed50 code [0x000000000339eec0, 0x000000000339f228]
Event: 1.975 Thread 0x00000000179ac000 nmethod 1567 0x000000000339cb10 code [0x000000000339cc40, 0x000000000339ccb8]
Event: 1.975 Thread 0x00000000179ac000 1570       4       java.util.LinkedHashMap$LinkedHashIterator::nextNode (54 bytes)
Event: 1.976 Thread 0x00000000179ac000 nmethod 1570 0x000000000339fcd0 code [0x000000000339fe00, 0x000000000339fed8]

GC Heap History (4 events):
Event: 0.974 GC heap before
{Heap before GC invocations=1 (full 0):
 PSYoungGen      total 38400K, used 33280K [0x00000000d5f00000, 0x00000000d8980000, 0x0000000100000000)
  eden space 33280K, 100% used [0x00000000d5f00000,0x00000000d7f80000,0x00000000d7f80000)
  from space 5120K, 0% used [0x00000000d8480000,0x00000000d8480000,0x00000000d8980000)
  to   space 5120K, 0% used [0x00000000d7f80000,0x00000000d7f80000,0x00000000d8480000)
 ParOldGen       total 87552K, used 0K [0x0000000081c00000, 0x0000000087180000, 0x00000000d5f00000)
  object space 87552K, 0% used [0x0000000081c00000,0x0000000081c00000,0x0000000087180000)
 Metaspace       used 8071K, capacity 8200K, committed 8320K, reserved 1056768K
  class space    used 1011K, capacity 1052K, committed 1152K, reserved 1048576K
Event: 0.981 GC heap after
Heap after GC invocations=1 (full 0):
 PSYoungGen      total 38400K, used 4948K [0x00000000d5f00000, 0x00000000d8980000, 0x0000000100000000)
  eden space 33280K, 0% used [0x00000000d5f00000,0x00000000d5f00000,0x00000000d7f80000)
  from space 5120K, 96% used [0x00000000d7f80000,0x00000000d84552a8,0x00000000d8480000)
  to   space 5120K, 0% used [0x00000000d8480000,0x00000000d8480000,0x00000000d8980000)
 ParOldGen       total 87552K, used 16K [0x0000000081c00000, 0x0000000087180000, 0x00000000d5f00000)
  object space 87552K, 0% used [0x0000000081c00000,0x0000000081c04000,0x0000000087180000)
 Metaspace       used 8071K, capacity 8200K, committed 8320K, reserved 1056768K
  class space    used 1011K, capacity 1052K, committed 1152K, reserved 1048576K
}
Event: 1.544 GC heap before
{Heap before GC invocations=2 (full 0):
 PSYoungGen      total 38400K, used 38228K [0x00000000d5f00000, 0x00000000d8980000, 0x0000000100000000)
  eden space 33280K, 100% used [0x00000000d5f00000,0x00000000d7f80000,0x00000000d7f80000)
  from space 5120K, 96% used [0x00000000d7f80000,0x00000000d84552a8,0x00000000d8480000)
  to   space 5120K, 0% used [0x00000000d8480000,0x00000000d8480000,0x00000000d8980000)
 ParOldGen       total 87552K, used 16K [0x0000000081c00000, 0x0000000087180000, 0x00000000d5f00000)
  object space 87552K, 0% used [0x0000000081c00000,0x0000000081c04000,0x0000000087180000)
 Metaspace       used 12287K, capacity 12506K, committed 12800K, reserved 1060864K
  class space    used 1576K, capacity 1673K, committed 1792K, reserved 1048576K
Event: 1.554 GC heap after
Heap after GC invocations=2 (full 0):
 PSYoungGen      total 38400K, used 5109K [0x00000000d5f00000, 0x00000000d8980000, 0x0000000100000000)
  eden space 33280K, 0% used [0x00000000d5f00000,0x00000000d5f00000,0x00000000d7f80000)
  from space 5120K, 99% used [0x00000000d8480000,0x00000000d897d6f0,0x00000000d8980000)
  to   space 5120K, 0% used [0x00000000d7f80000,0x00000000d7f80000,0x00000000d8480000)
 ParOldGen       total 87552K, used 2513K [0x0000000081c00000, 0x0000000087180000, 0x00000000d5f00000)
  object space 87552K, 2% used [0x0000000081c00000,0x0000000081e74480,0x0000000087180000)
 Metaspace       used 12287K, capacity 12506K, committed 12800K, reserved 1060864K
  class space    used 1576K, capacity 1673K, committed 1792K, reserved 1048576K
}

Deoptimization events (8 events):
Event: 0.432 Thread 0x0000000002abe800 Uncommon trap: reason=unstable_if action=reinterpret pc=0x000000000302f9a4 method=org.codehaus.plexus.util.xml.pull.MXParser.more()C @ 8
Event: 0.749 Thread 0x0000000002abe800 Uncommon trap: reason=range_check action=make_not_entrant pc=0x00000000030bb5a0 method=sun.reflect.generics.parser.SignatureParser.current()C @ 34
Event: 0.903 Thread 0x0000000002abe800 Uncommon trap: reason=unstable_if action=reinterpret pc=0x000000000311d6f4 method=org.codehaus.plexus.util.xml.pull.MXParser.isWhitespace()Z @ 20
Event: 0.908 Thread 0x0000000002abe800 Uncommon trap: reason=unstable_if action=reinterpret pc=0x00000000031194ac method=org.codehaus.plexus.util.xml.pull.MXParser.nextImpl()I @ 241
Event: 1.043 Thread 0x0000000002abe800 Uncommon trap: reason=unstable_if action=reinterpret pc=0x00000000030c41c0 method=java.util.HashMap.getNode(ILjava/lang/Object;)Ljava/util/HashMap$Node; @ 129
Event: 1.055 Thread 0x0000000002abe800 Uncommon trap: reason=unstable_if action=reinterpret pc=0x0000000003145b80 method=java.util.HashMap.getNode(ILjava/lang/Object;)Ljava/util/HashMap$Node; @ 129
Event: 1.511 Thread 0x0000000002abe800 Uncommon trap: reason=unstable_if action=reinterpret pc=0x00000000031d76a8 method=java.util.concurrent.ConcurrentHashMap.putVal(Ljava/lang/Object;Ljava/lang/Object;Z)Ljava/lang/Object; @ 206
Event: 1.934 Thread 0x0000000002abe800 Uncommon trap: reason=unstable_if action=reinterpret pc=0x000000000306f454 method=java.lang.String.replace(CC)Ljava/lang/String; @ 2

Classes redefined (0 events):
No events

Internal exceptions (10 events):
Event: 0.750 Thread 0x0000000002abe800 Exception <a 'java/lang/ArrayIndexOutOfBoundsException': 29> (0x00000000d70a1d20) thrown at [C:\re\workspace\8-2-build-windows-amd64-cygwin\jdk8u171\10807\hotspot\src\share\vm\interpreter\interpreterRuntime.cpp, line 366]
Event: 1.559 Thread 0x0000000002abe800 Exception <a 'java/lang/NoClassDefFoundError': com/google/inject/servlet/ServletModuleTargetVisitor> (0x00000000d5f469c8) thrown at [C:\re\workspace\8-2-build-windows-amd64-cygwin\jdk8u171\10807\hotspot\src\share\vm\classfile\systemDictionary.cpp, line 19
Event: 1.559 Thread 0x0000000002abe800 Exception <a 'java/lang/NoClassDefFoundError'> (0x00000000d5f469c8) thrown at [C:\re\workspace\8-2-build-windows-amd64-cygwin\jdk8u171\10807\hotspot\src\share\vm\prims\jvm.cpp, line 1439]
Event: 1.559 Thread 0x0000000002abe800 Exception <a 'java/lang/NoClassDefFoundError': javax/annotation/Priority> (0x00000000d5f4b6f8) thrown at [C:\re\workspace\8-2-build-windows-amd64-cygwin\jdk8u171\10807\hotspot\src\share\vm\classfile\systemDictionary.cpp, line 199]
Event: 1.863 Thread 0x0000000002abe800 Exception <a 'java/lang/NullPointerException'> (0x00000000d65751e0) thrown at [C:\re\workspace\8-2-build-windows-amd64-cygwin\jdk8u171\10807\hotspot\src\share\vm\interpreter\linkResolver.cpp, line 1185]
Event: 1.863 Thread 0x0000000002abe800 Exception <a 'java/lang/NullPointerException'> (0x00000000d65753f8) thrown at [C:\re\workspace\8-2-build-windows-amd64-cygwin\jdk8u171\10807\hotspot\src\share\vm\interpreter\linkResolver.cpp, line 1185]
Event: 1.863 Thread 0x0000000002abe800 Exception <a 'java/lang/NullPointerException'> (0x00000000d6575610) thrown at [C:\re\workspace\8-2-build-windows-amd64-cygwin\jdk8u171\10807\hotspot\src\share\vm\interpreter\linkResolver.cpp, line 1185]
Event: 1.864 Thread 0x0000000002abe800 Exception <a 'java/lang/NullPointerException'> (0x00000000d6585a90) thrown at [C:\re\workspace\8-2-build-windows-amd64-cygwin\jdk8u171\10807\hotspot\src\share\vm\interpreter\linkResolver.cpp, line 1185]
Event: 1.864 Thread 0x0000000002abe800 Exception <a 'java/lang/NullPointerException'> (0x00000000d6585ca8) thrown at [C:\re\workspace\8-2-build-windows-amd64-cygwin\jdk8u171\10807\hotspot\src\share\vm\interpreter\linkResolver.cpp, line 1185]
Event: 1.864 Thread 0x0000000002abe800 Exception <a 'java/lang/NullPointerException'> (0x00000000d6585ec0) thrown at [C:\re\workspace\8-2-build-windows-amd64-cygwin\jdk8u171\10807\hotspot\src\share\vm\interpreter\linkResolver.cpp, line 1185]

Events (10 events):
Event: 1.976 Thread 0x0000000002abe800 DEOPT PACKING pc=0x000000000338718e sp=0x0000000002d6a200
Event: 1.976 Thread 0x0000000002abe800 DEOPT UNPACKING pc=0x0000000002eb7890 sp=0x0000000002d69f10 mode 0
Event: 1.977 loading class org/codehaus/plexus/interpolation/PrefixedValueSourceWrapper
Event: 1.977 loading class org/codehaus/plexus/interpolation/PrefixedValueSourceWrapper done
Event: 1.977 loading class org/codehaus/plexus/interpolation/FeedbackEnabledValueSource
Event: 1.977 loading class org/codehaus/plexus/interpolation/FeedbackEnabledValueSource done
Event: 1.977 loading class org/codehaus/plexus/interpolation/ObjectBasedValueSource
Event: 1.977 loading class org/codehaus/plexus/interpolation/ObjectBasedValueSource done
Event: 1.977 loading class org/apache/maven/model/interpolation/ProblemDetectingValueSource
Event: 1.977 loading class org/apache/maven/model/interpolation/ProblemDetectingValueSource done


Dynamic libraries:
0x00007ff609800000 - 0x00007ff609837000 	C:\Program Files\Java\jdk1.8.0_171\bin\java.exe
0x00007ffb406c0000 - 0x00007ffb408a1000 	C:\WINDOWS\SYSTEM32\ntdll.dll
0x00007ffb3f250000 - 0x00007ffb3f302000 	C:\WINDOWS\System32\KERNEL32.DLL
0x00007ffb3cc10000 - 0x00007ffb3ce83000 	C:\WINDOWS\System32\KERNELBASE.dll
0x00007ffb3fed0000 - 0x00007ffb3ff71000 	C:\WINDOWS\System32\ADVAPI32.dll
0x00007ffb3db50000 - 0x00007ffb3dbee000 	C:\WINDOWS\System32\msvcrt.dll
0x00007ffb3f7c0000 - 0x00007ffb3f81b000 	C:\WINDOWS\System32\sechost.dll
0x00007ffb3f820000 - 0x00007ffb3f944000 	C:\WINDOWS\System32\RPCRT4.dll
0x00007ffb3f4b0000 - 0x00007ffb3f640000 	C:\WINDOWS\System32\USER32.dll
0x00007ffb3dae0000 - 0x00007ffb3db00000 	C:\WINDOWS\System32\win32u.dll
0x00007ffb3f640000 - 0x00007ffb3f668000 	C:\WINDOWS\System32\GDI32.dll
0x00007ffb3d940000 - 0x00007ffb3dad2000 	C:\WINDOWS\System32\gdi32full.dll
0x00007ffb3d080000 - 0x00007ffb3d11f000 	C:\WINDOWS\System32\msvcp_win.dll
0x00007ffb3cb10000 - 0x00007ffb3cc0a000 	C:\WINDOWS\System32\ucrtbase.dll
0x00007ffb2fbb0000 - 0x00007ffb2fe19000 	C:\WINDOWS\WinSxS\amd64_microsoft.windows.common-controls_6595b64144ccf1df_6.0.17134.112_none_fb3f961b30681c12\COMCTL32.dll
0x00007ffb400f0000 - 0x00007ffb40413000 	C:\WINDOWS\System32\combase.dll
0x00007ffb3ca90000 - 0x00007ffb3cb0a000 	C:\WINDOWS\System32\bcryptPrimitives.dll
0x00007ffb40660000 - 0x00007ffb4068d000 	C:\WINDOWS\System32\IMM32.DLL
0x000000005f4d0000 - 0x000000005f5a2000 	C:\Program Files\Java\jdk1.8.0_171\jre\bin\msvcr100.dll
0x000000005d450000 - 0x000000005dcf0000 	C:\Program Files\Java\jdk1.8.0_171\jre\bin\server\jvm.dll
0x00007ffb3dd40000 - 0x00007ffb3dd48000 	C:\WINDOWS\System32\PSAPI.DLL
0x00007ffb3ab80000 - 0x00007ffb3aba3000 	C:\WINDOWS\SYSTEM32\WINMM.dll
0x00007ffb31c90000 - 0x00007ffb31c99000 	C:\WINDOWS\SYSTEM32\WSOCK32.dll
0x00007ffb2c750000 - 0x00007ffb2c75a000 	C:\WINDOWS\SYSTEM32\VERSION.dll
0x00007ffb3f670000 - 0x00007ffb3f6dc000 	C:\WINDOWS\System32\WS2_32.dll
0x00007ffb3aa30000 - 0x00007ffb3aa5a000 	C:\WINDOWS\SYSTEM32\winmmbase.dll
0x00007ffb3db00000 - 0x00007ffb3db49000 	C:\WINDOWS\System32\cfgmgr32.dll
0x000000005f4c0000 - 0x000000005f4cf000 	C:\Program Files\Java\jdk1.8.0_171\jre\bin\verify.dll
0x000000005f490000 - 0x000000005f4b9000 	C:\Program Files\Java\jdk1.8.0_171\jre\bin\java.dll
0x000000005f440000 - 0x000000005f456000 	C:\Program Files\Java\jdk1.8.0_171\jre\bin\zip.dll
0x00007ffb3dd60000 - 0x00007ffb3f1a0000 	C:\WINDOWS\System32\SHELL32.dll
0x00007ffb3f1a0000 - 0x00007ffb3f249000 	C:\WINDOWS\System32\shcore.dll
0x00007ffb3d180000 - 0x00007ffb3d88d000 	C:\WINDOWS\System32\windows.storage.dll
0x00007ffb3f6e0000 - 0x00007ffb3f731000 	C:\WINDOWS\System32\shlwapi.dll
0x00007ffb3ca50000 - 0x00007ffb3ca61000 	C:\WINDOWS\System32\kernel.appcore.dll
0x00007ffb3c9d0000 - 0x00007ffb3c9ef000 	C:\WINDOWS\System32\profapi.dll
0x00007ffb3c9f0000 - 0x00007ffb3ca3c000 	C:\WINDOWS\System32\powrprof.dll
0x00007ffb3ca40000 - 0x00007ffb3ca4a000 	C:\WINDOWS\System32\FLTLIB.DLL
0x000000005f420000 - 0x000000005f43a000 	C:\Program Files\Java\jdk1.8.0_171\jre\bin\net.dll
0x00007ffb3c1f0000 - 0x00007ffb3c256000 	C:\WINDOWS\system32\mswsock.dll
0x000000005f3f0000 - 0x000000005f401000 	C:\Program Files\Java\jdk1.8.0_171\jre\bin\nio.dll

VM Arguments:
jvm_args: -Dmaven.multiModuleProjectDirectory=C:\Users\Komp-Mag\Desktop\Project\CanoeRent2 -Dmaven.home=C:\Program Files\JetBrains\IntelliJ IDEA 2018.1.3\plugins\maven\lib\maven3 -Dclassworlds.conf=C:\Program Files\JetBrains\IntelliJ IDEA 2018.1.3\plugins\maven\lib\maven3\bin\m2.conf -Dfile.encoding=UTF-8 
java_command: org.codehaus.classworlds.Launcher -Didea.version=2018.1.3 -f pom.xml
java_class_path (initial): C:\Program Files\JetBrains\IntelliJ IDEA 2018.1.3\plugins\maven\lib\maven3\boot\plexus-classworlds-2.5.2.jar
Launcher Type: SUN_STANDARD

Environment Variables:
JAVA_HOME=C:\Program Files\Java\jdk1.8.0_171
CLASSPATH=C:\Program Files\Java\jre1.8.0_171\bin;C:\Program Files\Java\jdk1.8.0_171\bin
PATH=C:\Program Files (x86)\Common Files\Oracle\Java\javapath;C:\WINDOWS\system32;C:\WINDOWS;C:\WINDOWS\System32\Wbem;C:\WINDOWS\System32\WindowsPowerShell\v1.0\;C:\WINDOWS\System32\OpenSSH\;C:\Program Files (x86)\Skype\Phone\;C:\Program Files\Java\jdk1.8.0_171\bin;C:\Program Files\Java\jre1.8.0_171\bin;C:\Program Files\apache-maven-3.5.3\bin;C:\Program Files\MySQL\MySQL Server 8.0\bin;C:\Program Files\Git\cmd;C:\Program Files (x86)\Brackets\command;C:\Program Files\nodejs\;C:\Users\Komp-Mag\AppData\Local\Microsoft\WindowsApps;C:\Users\Komp-Mag\AppData\Roaming\npm
USERNAME=Komp-Mag
OS=Windows_NT
PROCESSOR_IDENTIFIER=Intel64 Family 6 Model 42 Stepping 7, GenuineIntel



---------------  S Y S T E M  ---------------

OS: Windows 10.0 , 64 bit Build 17134 (10.0.17134.1)

CPU:total 4 (initial active 4) (2 cores per cpu, 2 threads per core) family 6 model 42 stepping 7, cmov, cx8, fxsr, mmx, sse, sse2, sse3, ssse3, sse4.1, sse4.2, popcnt, avx, aes, clmul, ht, tsc, tscinvbit

Memory: 4k page, physical 8266800k(1445208k free), swap 8266800k(4152k free)

vm_info: Java HotSpot(TM) 64-Bit Server VM (25.171-b11) for windows-amd64 JRE (1.8.0_171-b11), built on Mar 28 2018 16:06:12 by "java_re" with MS VC++ 10.0 (VS2010)

time: Mon Jul 02 00:43:44 2018
elapsed time: 2 seconds (0d 0h 0m 2s)

